2025-05-11 15:57:50 [main] INFO  MRFOOptimizer - Iteration: 0, global best solution: [0.24111826672692693, 0.11103601892582837], fitness: 1.9467677113118254
2025-05-11 15:57:50 [main] INFO  MRFOOptimizer - Iteration: 1, global best solution: [-0.003522803314359696, 0.00925865085353017], fitness: 0.030630147342393332
2025-05-11 15:57:50 [main] INFO  MRFOOptimizer - Iteration: 2, global best solution: [-0.003522803314359696, 0.00925865085353017], fitness: 0.030630147342393332
2025-05-11 15:57:50 [main] INFO  MRFOOptimizer - Iteration: 3, global best solution: [-0.003522803314359696, 0.00925865085353017], fitness: 0.030630147342393332
2025-05-11 15:57:50 [main] INFO  MRFOOptimizer - Iteration: 4, global best solution: [-0.003522803314359696, 0.00925865085353017], fitness: 0.030630147342393332
2025-05-11 15:57:50 [main] INFO  MRFOOptimizer - Iteration: 5, global best solution: [-0.003522803314359696, 0.00925865085353017], fitness: 0.030630147342393332
2025-05-11 15:57:50 [main] INFO  MRFOOptimizer - Iteration: 6, global best solution: [-0.003522803314359696, 0.00925865085353017], fitness: 0.030630147342393332
2025-05-11 15:57:50 [main] INFO  MRFOOptimizer - Iteration: 7, global best solution: [-0.003522803314359696, 0.00925865085353017], fitness: 0.030630147342393332
2025-05-11 15:57:50 [main] INFO  MRFOOptimizer - Iteration: 8, global best solution: [-0.003522803314359696, 0.00925865085353017], fitness: 0.030630147342393332
2025-05-11 15:57:50 [main] INFO  MRFOOptimizer - Iteration: 9, global best solution: [0.009462064628530576, -0.0021618823773084175], fitness: 0.02995905210518801
2025-05-11 15:57:50 [main] INFO  MRFOOptimizer - Iteration: 10, global best solution: [0.009462064628530576, -0.0021618823773084175], fitness: 0.02995905210518801
2025-05-11 15:57:50 [main] INFO  MRFOOptimizer - Iteration: 11, global best solution: [0.009462064628530576, -0.0021618823773084175], fitness: 0.02995905210518801
2025-05-11 15:57:50 [main] INFO  MRFOOptimizer - Iteration: 12, global best solution: [0.0038313025718734652, 0.006711948322442644], fitness: 0.023449215678799096
2025-05-11 15:57:50 [main] INFO  MRFOOptimizer - Iteration: 13, global best solution: [0.0038313025718734652, 0.006711948322442644], fitness: 0.023449215678799096
2025-05-11 15:57:50 [main] INFO  MRFOOptimizer - Iteration: 14, global best solution: [0.0038313025718734652, 0.006711948322442644], fitness: 0.023449215678799096
2025-05-11 15:57:50 [main] INFO  MRFOOptimizer - Iteration: 15, global best solution: [0.0038313025718734652, 0.006711948322442644], fitness: 0.023449215678799096
2025-05-11 15:57:50 [main] INFO  MRFOOptimizer - Iteration: 16, global best solution: [0.0038313025718734652, 0.006711948322442644], fitness: 0.023449215678799096
2025-05-11 15:57:50 [main] INFO  MRFOOptimizer - Iteration: 17, global best solution: [0.003443593026042635, -8.530019081084798E-5], fitness: 0.010058870739186876
2025-05-11 15:57:50 [main] INFO  MRFOOptimizer - Iteration: 18, global best solution: [0.003443593026042635, -8.530019081084798E-5], fitness: 0.010058870739186876
2025-05-11 15:57:50 [main] INFO  MRFOOptimizer - Iteration: 19, global best solution: [-2.679600984391538E-4, -8.625836861700003E-4], fitness: 0.0025764900281122216
2025-05-11 15:57:50 [main] INFO  MRFOOptimizer - Iteration: 20, global best solution: [-4.635781861202486E-5, 6.247235671518073E-4], fitness: 0.00178229299540833
2025-05-11 15:57:50 [main] INFO  MRFOOptimizer - Iteration: 21, global best solution: [-4.971938810262768E-4, -1.379826616883091E-4], fitness: 0.001466516751972069
2025-05-11 15:57:50 [main] INFO  MRFOOptimizer - Iteration: 22, global best solution: [-4.971938810262768E-4, -1.379826616883091E-4], fitness: 0.001466516751972069
2025-05-11 15:57:50 [main] INFO  MRFOOptimizer - Iteration: 23, global best solution: [-4.971938810262768E-4, -1.379826616883091E-4], fitness: 0.001466516751972069
2025-05-11 15:57:50 [main] INFO  MRFOOptimizer - Iteration: 24, global best solution: [-4.971938810262768E-4, -1.379826616883091E-4], fitness: 0.001466516751972069
2025-05-11 15:57:50 [main] INFO  MRFOOptimizer - Iteration: 25, global best solution: [-4.971938810262768E-4, -1.379826616883091E-4], fitness: 0.001466516751972069
2025-05-11 15:57:50 [main] INFO  MRFOOptimizer - Iteration: 26, global best solution: [-4.971938810262768E-4, -1.379826616883091E-4], fitness: 0.001466516751972069
2025-05-11 15:57:50 [main] INFO  MRFOOptimizer - Iteration: 27, global best solution: [-4.971938810262768E-4, -1.379826616883091E-4], fitness: 0.001466516751972069
2025-05-11 15:57:50 [main] INFO  MRFOOptimizer - Iteration: 28, global best solution: [-4.1506522657693196E-4, -5.961706894174525E-5], fitness: 0.0011907119532534871
2025-05-11 15:57:50 [main] INFO  MRFOOptimizer - Iteration: 29, global best solution: [-4.1506522657693196E-4, -5.961706894174525E-5], fitness: 0.0011907119532534871
2025-05-11 15:57:50 [main] INFO  MRFOOptimizer - Iteration: 30, global best solution: [-4.1506522657693196E-4, -5.961706894174525E-5], fitness: 0.0011907119532534871
2025-05-11 15:57:50 [main] INFO  MRFOOptimizer - Iteration: 31, global best solution: [-4.1506522657693196E-4, -5.961706894174525E-5], fitness: 0.0011907119532534871
2025-05-11 15:57:50 [main] INFO  MRFOOptimizer - Iteration: 32, global best solution: [-4.1506522657693196E-4, -5.961706894174525E-5], fitness: 0.0011907119532534871
2025-05-11 15:57:50 [main] INFO  MRFOOptimizer - Iteration: 33, global best solution: [-4.1506522657693196E-4, -5.961706894174525E-5], fitness: 0.0011907119532534871
2025-05-11 15:57:50 [main] INFO  MRFOOptimizer - Iteration: 34, global best solution: [-4.1506522657693196E-4, -5.961706894174525E-5], fitness: 0.0011907119532534871
2025-05-11 15:57:50 [main] INFO  MRFOOptimizer - Iteration: 35, global best solution: [-4.1506522657693196E-4, -5.961706894174525E-5], fitness: 0.0011907119532534871
2025-05-11 15:57:50 [main] INFO  MRFOOptimizer - Iteration: 36, global best solution: [-4.1506522657693196E-4, -5.961706894174525E-5], fitness: 0.0011907119532534871
2025-05-11 15:57:50 [main] INFO  MRFOOptimizer - Iteration: 37, global best solution: [8.10276462307716E-6, -9.453319094349501E-5], fitness: 2.68600351024606E-4
2025-05-11 15:57:50 [main] INFO  MRFOOptimizer - Iteration: 38, global best solution: [8.10276462307716E-6, -9.453319094349501E-5], fitness: 2.68600351024606E-4
2025-05-11 15:57:50 [main] INFO  MRFOOptimizer - Iteration: 39, global best solution: [8.10276462307716E-6, -9.453319094349501E-5], fitness: 2.68600351024606E-4
2025-05-11 15:57:50 [main] INFO  MRFOOptimizer - Iteration: 40, global best solution: [8.10276462307716E-6, -9.453319094349501E-5], fitness: 2.68600351024606E-4
2025-05-11 15:57:50 [main] INFO  MRFOOptimizer - Iteration: 41, global best solution: [8.10276462307716E-6, -9.453319094349501E-5], fitness: 2.68600351024606E-4
2025-05-11 15:57:50 [main] INFO  MRFOOptimizer - Iteration: 42, global best solution: [8.10276462307716E-6, -9.453319094349501E-5], fitness: 2.68600351024606E-4
2025-05-11 15:57:50 [main] INFO  MRFOOptimizer - Iteration: 43, global best solution: [8.10276462307716E-6, -9.453319094349501E-5], fitness: 2.68600351024606E-4
2025-05-11 15:57:50 [main] INFO  MRFOOptimizer - Iteration: 44, global best solution: [8.10276462307716E-6, -9.453319094349501E-5], fitness: 2.68600351024606E-4
2025-05-11 15:57:50 [main] INFO  MRFOOptimizer - Iteration: 45, global best solution: [8.10276462307716E-6, -9.453319094349501E-5], fitness: 2.68600351024606E-4
2025-05-11 15:57:50 [main] INFO  MRFOOptimizer - Iteration: 46, global best solution: [8.10276462307716E-6, -9.453319094349501E-5], fitness: 2.68600351024606E-4
2025-05-11 15:57:50 [main] INFO  MRFOOptimizer - Iteration: 47, global best solution: [8.10276462307716E-6, -9.453319094349501E-5], fitness: 2.68600351024606E-4
2025-05-11 15:57:50 [main] INFO  MRFOOptimizer - Iteration: 48, global best solution: [8.10276462307716E-6, -9.453319094349501E-5], fitness: 2.68600351024606E-4
2025-05-11 15:57:50 [main] INFO  MRFOOptimizer - Iteration: 49, global best solution: [8.10276462307716E-6, -9.453319094349501E-5], fitness: 2.68600351024606E-4
2025-05-11 15:57:50 [main] INFO  MRFOOptimizer - Iteration: 50, global best solution: [8.10276462307716E-6, -9.453319094349501E-5], fitness: 2.68600351024606E-4
2025-05-11 15:57:50 [main] INFO  MRFOOptimizer - Iteration: 51, global best solution: [8.10276462307716E-6, -9.453319094349501E-5], fitness: 2.68600351024606E-4
2025-05-11 15:57:50 [main] INFO  MRFOOptimizer - Iteration: 52, global best solution: [8.10276462307716E-6, -9.453319094349501E-5], fitness: 2.68600351024606E-4
2025-05-11 15:57:50 [main] INFO  MRFOOptimizer - Iteration: 53, global best solution: [8.10276462307716E-6, -9.453319094349501E-5], fitness: 2.68600351024606E-4
2025-05-11 15:57:50 [main] INFO  MRFOOptimizer - Iteration: 54, global best solution: [8.10276462307716E-6, -9.453319094349501E-5], fitness: 2.68600351024606E-4
2025-05-11 15:57:50 [main] INFO  MRFOOptimizer - Iteration: 55, global best solution: [8.10276462307716E-6, -9.453319094349501E-5], fitness: 2.68600351024606E-4
2025-05-11 15:57:50 [main] INFO  MRFOOptimizer - Iteration: 56, global best solution: [8.10276462307716E-6, -9.453319094349501E-5], fitness: 2.68600351024606E-4
2025-05-11 15:57:50 [main] INFO  MRFOOptimizer - Iteration: 57, global best solution: [8.10276462307716E-6, -9.453319094349501E-5], fitness: 2.68600351024606E-4
2025-05-11 15:57:50 [main] INFO  MRFOOptimizer - Iteration: 58, global best solution: [8.10276462307716E-6, -9.453319094349501E-5], fitness: 2.68600351024606E-4
2025-05-11 15:57:50 [main] INFO  MRFOOptimizer - Iteration: 59, global best solution: [8.10276462307716E-6, -9.453319094349501E-5], fitness: 2.68600351024606E-4
2025-05-11 15:57:50 [main] INFO  MRFOOptimizer - Iteration: 60, global best solution: [8.10276462307716E-6, -9.453319094349501E-5], fitness: 2.68600351024606E-4
2025-05-11 15:57:50 [main] INFO  MRFOOptimizer - Iteration: 61, global best solution: [8.10276462307716E-6, -9.453319094349501E-5], fitness: 2.68600351024606E-4
2025-05-11 15:57:50 [main] INFO  MRFOOptimizer - Iteration: 62, global best solution: [-1.6935950245886277E-5, 2.9885201159110314E-5], fitness: 9.718909241174245E-5
2025-05-11 15:57:50 [main] INFO  MRFOOptimizer - Iteration: 63, global best solution: [-1.6935950245886277E-5, 2.9885201159110314E-5], fitness: 9.718909241174245E-5
2025-05-11 15:57:50 [main] INFO  MRFOOptimizer - Iteration: 64, global best solution: [-1.6935950245886277E-5, 2.9885201159110314E-5], fitness: 9.718909241174245E-5
2025-05-11 15:57:50 [main] INFO  MRFOOptimizer - Iteration: 65, global best solution: [-1.6935950245886277E-5, 2.9885201159110314E-5], fitness: 9.718909241174245E-5
2025-05-11 15:57:50 [main] INFO  MRFOOptimizer - Iteration: 66, global best solution: [-1.6935950245886277E-5, 2.9885201159110314E-5], fitness: 9.718909241174245E-5
2025-05-11 15:57:50 [main] INFO  MRFOOptimizer - Iteration: 67, global best solution: [-1.6935950245886277E-5, 2.9885201159110314E-5], fitness: 9.718909241174245E-5
2025-05-11 15:57:50 [main] INFO  MRFOOptimizer - Iteration: 68, global best solution: [8.304540046060707E-6, 1.746398978978978E-6], fitness: 2.400446664241329E-5
2025-05-11 15:57:50 [main] INFO  MRFOOptimizer - Iteration: 69, global best solution: [8.304540046060707E-6, 1.746398978978978E-6], fitness: 2.400446664241329E-5
2025-05-11 15:57:50 [main] INFO  MRFOOptimizer - Iteration: 70, global best solution: [8.304540046060707E-6, 1.746398978978978E-6], fitness: 2.400446664241329E-5
2025-05-11 15:57:50 [main] INFO  MRFOOptimizer - Iteration: 71, global best solution: [8.304540046060707E-6, 1.746398978978978E-6], fitness: 2.400446664241329E-5
2025-05-11 15:57:50 [main] INFO  MRFOOptimizer - Iteration: 72, global best solution: [6.2936780538132485E-6, 9.57683241185508E-7], fitness: 1.8007198282266046E-5
2025-05-11 15:57:50 [main] INFO  MRFOOptimizer - Iteration: 73, global best solution: [6.2936780538132485E-6, 9.57683241185508E-7], fitness: 1.8007198282266046E-5
2025-05-11 15:57:50 [main] INFO  MRFOOptimizer - Iteration: 74, global best solution: [6.2936780538132485E-6, 9.57683241185508E-7], fitness: 1.8007198282266046E-5
2025-05-11 15:57:50 [main] INFO  MRFOOptimizer - Iteration: 75, global best solution: [6.2936780538132485E-6, 9.57683241185508E-7], fitness: 1.8007198282266046E-5
2025-05-11 15:57:50 [main] INFO  MRFOOptimizer - Iteration: 76, global best solution: [6.2936780538132485E-6, 9.57683241185508E-7], fitness: 1.8007198282266046E-5
2025-05-11 15:57:50 [main] INFO  MRFOOptimizer - Iteration: 77, global best solution: [6.2936780538132485E-6, 9.57683241185508E-7], fitness: 1.8007198282266046E-5
2025-05-11 15:57:50 [main] INFO  MRFOOptimizer - Iteration: 78, global best solution: [6.2936780538132485E-6, 9.57683241185508E-7], fitness: 1.8007198282266046E-5
2025-05-11 15:57:50 [main] INFO  MRFOOptimizer - Iteration: 79, global best solution: [6.2936780538132485E-6, 9.57683241185508E-7], fitness: 1.8007198282266046E-5
2025-05-11 15:57:50 [main] INFO  MRFOOptimizer - Iteration: 80, global best solution: [1.0714978998187953E-6, 1.6747760540917957E-6], fitness: 5.6236149004185165E-6
2025-05-11 15:57:50 [main] INFO  MRFOOptimizer - Iteration: 81, global best solution: [1.0457473495746637E-6, 1.1319804178406691E-6], fitness: 4.3589320708470325E-6
2025-05-11 15:57:50 [main] INFO  MRFOOptimizer - Iteration: 82, global best solution: [9.680115781669205E-7, 6.658710730909654E-7], fitness: 3.32320476603698E-6
2025-05-11 15:57:50 [main] INFO  MRFOOptimizer - Iteration: 83, global best solution: [2.032226580575388E-9, 5.773582800908422E-8], fitness: 1.6340279929139E-7
2025-05-11 15:57:50 [main] INFO  MRFOOptimizer - Iteration: 84, global best solution: [2.5423152535493043E-9, 2.576956043298446E-8], fitness: 7.324118600493534E-8
2025-05-11 15:57:50 [main] INFO  MRFOOptimizer - Iteration: 85, global best solution: [5.6309576541617655E-9, 7.35286294129921E-9], fitness: 2.6195007496454537E-8
2025-05-11 15:57:50 [main] INFO  MRFOOptimizer - Iteration: 86, global best solution: [7.886869400751709E-10, 3.864887652730143E-9], fitness: 1.1156839452297618E-8
2025-05-11 15:57:50 [main] INFO  MRFOOptimizer - Iteration: 87, global best solution: [7.897297237797469E-10, 7.196783782802183E-10], fitness: 3.0220665969693528E-9
2025-05-11 15:57:50 [main] INFO  MRFOOptimizer - Iteration: 88, global best solution: [7.897297237797469E-10, 7.196783782802183E-10], fitness: 3.0220665969693528E-9
2025-05-11 15:57:50 [main] INFO  MRFOOptimizer - Iteration: 89, global best solution: [7.897297237797469E-10, 7.196783782802183E-10], fitness: 3.0220665969693528E-9
2025-05-11 15:57:50 [main] INFO  MRFOOptimizer - Iteration: 90, global best solution: [7.897297237797469E-10, 7.196783782802183E-10], fitness: 3.0220665969693528E-9
2025-05-11 15:57:50 [main] INFO  MRFOOptimizer - Iteration: 91, global best solution: [7.897297237797469E-10, 7.196783782802183E-10], fitness: 3.0220665969693528E-9
2025-05-11 15:57:50 [main] INFO  MRFOOptimizer - Iteration: 92, global best solution: [7.897297237797469E-10, 7.196783782802183E-10], fitness: 3.0220665969693528E-9
2025-05-11 15:57:50 [main] INFO  MRFOOptimizer - Iteration: 93, global best solution: [7.897297237797469E-10, 7.196783782802183E-10], fitness: 3.0220665969693528E-9
2025-05-11 15:57:50 [main] INFO  MRFOOptimizer - Iteration: 94, global best solution: [7.897297237797469E-10, 7.196783782802183E-10], fitness: 3.0220665969693528E-9
2025-05-11 15:57:50 [main] INFO  MRFOOptimizer - Iteration: 95, global best solution: [7.897297237797469E-10, 7.196783782802183E-10], fitness: 3.0220665969693528E-9
2025-05-11 15:57:50 [main] INFO  MRFOOptimizer - Iteration: 96, global best solution: [7.897297237797469E-10, 7.196783782802183E-10], fitness: 3.0220665969693528E-9
2025-05-11 15:57:50 [main] INFO  MRFOOptimizer - Iteration: 97, global best solution: [7.897297237797469E-10, 7.196783782802183E-10], fitness: 3.0220665969693528E-9
2025-05-11 15:57:50 [main] INFO  MRFOOptimizer - Iteration: 98, global best solution: [7.897297237797469E-10, 7.196783782802183E-10], fitness: 3.0220665969693528E-9
2025-05-11 15:57:50 [main] INFO  MRFOOptimizer - Iteration: 99, global best solution: [7.897297237797469E-10, 7.196783782802183E-10], fitness: 3.0220665969693528E-9
2025-05-11 15:57:50 [main] INFO  MRFOOptimizer - Iteration: 100, global best solution: [7.897297237797469E-10, 7.196783782802183E-10], fitness: 3.0220665969693528E-9
2025-05-11 15:57:50 [main] INFO  MRFOOptimizer - Iteration: 101, global best solution: [7.897297237797469E-10, 7.196783782802183E-10], fitness: 3.0220665969693528E-9
2025-05-11 15:57:50 [main] INFO  MRFOOptimizer - Iteration: 102, global best solution: [7.897297237797469E-10, 7.196783782802183E-10], fitness: 3.0220665969693528E-9
2025-05-11 15:57:50 [main] INFO  MRFOOptimizer - Iteration: 103, global best solution: [4.827868702689398E-10, 9.076005625533356E-10], fitness: 2.9076763219393342E-9
2025-05-11 15:57:50 [main] INFO  MRFOOptimizer - Iteration: 104, global best solution: [4.827868702689398E-10, 9.076005625533356E-10], fitness: 2.9076763219393342E-9
2025-05-11 15:57:50 [main] INFO  MRFOOptimizer - Iteration: 105, global best solution: [4.827868702689398E-10, 9.076005625533356E-10], fitness: 2.9076763219393342E-9
2025-05-11 15:57:50 [main] INFO  MRFOOptimizer - Iteration: 106, global best solution: [4.850559146200424E-10, 7.155732482643225E-10], fitness: 2.445116553673188E-9
2025-05-11 15:57:50 [main] INFO  MRFOOptimizer - Iteration: 107, global best solution: [4.047771169395574E-10, 5.518756023917566E-10], fitness: 1.9357924152529904E-9
2025-05-11 15:57:50 [main] INFO  MRFOOptimizer - Iteration: 108, global best solution: [4.047771169395574E-10, 5.518756023917566E-10], fitness: 1.9357924152529904E-9
2025-05-11 15:57:50 [main] INFO  MRFOOptimizer - Iteration: 109, global best solution: [4.047771169395574E-10, 5.518756023917566E-10], fitness: 1.9357924152529904E-9
2025-05-11 15:57:50 [main] INFO  MRFOOptimizer - Iteration: 110, global best solution: [-3.2072117213661775E-10, 3.739989921377801E-10], fitness: 1.3935204101755971E-9
2025-05-11 15:57:50 [main] INFO  MRFOOptimizer - Iteration: 111, global best solution: [-3.2072117213661775E-10, 3.739989921377801E-10], fitness: 1.3935204101755971E-9
2025-05-11 15:57:50 [main] INFO  MRFOOptimizer - Iteration: 112, global best solution: [-3.4288922992267673E-10, 1.053448034536523E-10], fitness: 1.0145773110536993E-9
2025-05-11 15:57:50 [main] INFO  MRFOOptimizer - Iteration: 113, global best solution: [-3.3653615989151554E-10, 6.372949925190865E-11], fitness: 9.687863844476396E-10
2025-05-11 15:57:50 [main] INFO  MRFOOptimizer - Iteration: 114, global best solution: [-2.2968076070933716E-10, 3.3428778612724914E-11], fitness: 6.56477983085324E-10
2025-05-11 15:57:50 [main] INFO  MRFOOptimizer - Iteration: 115, global best solution: [-1.0983738405594067E-10, -1.9972432800492604E-10], fitness: 6.446971845264216E-10
2025-05-11 15:57:50 [main] INFO  MRFOOptimizer - Iteration: 116, global best solution: [-1.0983738405594067E-10, -1.9972432800492604E-10], fitness: 6.446971845264216E-10
2025-05-11 15:57:50 [main] INFO  MRFOOptimizer - Iteration: 117, global best solution: [1.6408039470744583E-10, -8.068897734815017E-11], fitness: 5.171725270258776E-10
2025-05-11 15:57:50 [main] INFO  MRFOOptimizer - Iteration: 118, global best solution: [1.087308758448592E-10, -4.763974772297329E-11], fitness: 3.357603084452876E-10
2025-05-11 15:57:50 [main] INFO  MRFOOptimizer - Iteration: 119, global best solution: [-4.341421583209543E-11, -2.1033794020893998E-11], fitness: 1.364459656372219E-10
2025-05-11 15:57:50 [main] INFO  MRFOOptimizer - Iteration: 120, global best solution: [-4.341421583209543E-11, -2.1033794020893998E-11], fitness: 1.364459656372219E-10
2025-05-11 15:57:50 [main] INFO  MRFOOptimizer - Iteration: 121, global best solution: [-4.341421583209543E-11, -2.1033794020893998E-11], fitness: 1.364459656372219E-10
2025-05-11 15:57:50 [main] INFO  MRFOOptimizer - Iteration: 122, global best solution: [-2.75861616285398E-11, -2.494390061738374E-11], fitness: 1.0519274340481388E-10
2025-05-11 15:57:50 [main] INFO  MRFOOptimizer - Iteration: 123, global best solution: [4.04827751139542E-12, -2.9071254812332155E-11], fitness: 8.302025733541996E-11
2025-05-11 15:57:50 [main] INFO  MRFOOptimizer - Iteration: 124, global best solution: [-1.167983494802594E-11, 1.6238885818298938E-11], fitness: 5.657740942410783E-11
2025-05-11 15:57:50 [main] INFO  MRFOOptimizer - Iteration: 125, global best solution: [-6.550229791325626E-12, -1.3557394703063E-11], fitness: 4.2590375670670255E-11
2025-05-11 15:57:50 [main] INFO  MRFOOptimizer - Iteration: 126, global best solution: [-6.641155399827331E-12, 9.509143880673056E-12], fitness: 3.2806202199253676E-11
2025-05-11 15:57:50 [main] INFO  MRFOOptimizer - Iteration: 127, global best solution: [1.851260654443851E-12, -3.2359678998249334E-12], fitness: 1.0544898287889737E-11
2025-05-11 15:57:50 [main] INFO  MRFOOptimizer - Iteration: 128, global best solution: [-6.631759165738159E-13, -1.6714163531177135E-12], fitness: 5.087930077252167E-12
2025-05-11 15:57:50 [main] INFO  MRFOOptimizer - Iteration: 129, global best solution: [-1.515601803072815E-12, 5.702201986971133E-13], fitness: 4.579892021183696E-12
2025-05-11 15:57:50 [main] INFO  MRFOOptimizer - Iteration: 130, global best solution: [-1.3387144585336189E-12, 3.799986558838588E-13], fitness: 3.936850845320805E-12
2025-05-11 15:57:50 [main] INFO  MRFOOptimizer - Iteration: 131, global best solution: [-1.3387144585336189E-12, 3.799986558838588E-13], fitness: 3.936850845320805E-12
2025-05-11 15:57:50 [main] INFO  MRFOOptimizer - Iteration: 132, global best solution: [-8.078811998303236E-13, 8.90847993652034E-13], fitness: 3.40394379350073E-12
2025-05-11 15:57:50 [main] INFO  MRFOOptimizer - Iteration: 133, global best solution: [-2.9629697711622707E-13, -6.210949748228214E-13], fitness: 1.9473311851925246E-12
2025-05-11 15:57:50 [main] INFO  MRFOOptimizer - Iteration: 134, global best solution: [-2.9629697711622707E-13, -6.210949748228214E-13], fitness: 1.9473311851925246E-12
2025-05-11 15:57:50 [main] INFO  MRFOOptimizer - Iteration: 135, global best solution: [3.049757189507562E-13, -2.2544065914389094E-13], fitness: 1.0733636202076013E-12
2025-05-11 15:57:50 [main] INFO  MRFOOptimizer - Iteration: 136, global best solution: [2.1538892990662283E-13, -2.0498631347266535E-13], fitness: 8.424372310855688E-13
2025-05-11 15:57:50 [main] INFO  MRFOOptimizer - Iteration: 137, global best solution: [1.7211755292965894E-15, -8.062355026876064E-14], fitness: 2.278177646530821E-13
2025-05-11 15:57:50 [main] INFO  MRFOOptimizer - Iteration: 138, global best solution: [2.550944655580119E-14, 3.5399927797547144E-15], fitness: 7.505107646466058E-14
2025-05-11 15:57:50 [main] INFO  MRFOOptimizer - Iteration: 139, global best solution: [2.550944655580119E-14, 3.5399927797547144E-15], fitness: 7.505107646466058E-14
2025-05-11 15:57:50 [main] INFO  MRFOOptimizer - Iteration: 140, global best solution: [1.3130236853856681E-14, -2.1832068078581628E-14], fitness: 7.149836278586008E-14
2025-05-11 15:57:50 [main] INFO  MRFOOptimizer - Iteration: 141, global best solution: [2.1596236165729E-15, -2.610706706889979E-15], fitness: 7.549516567451064E-15
2025-05-11 15:57:50 [main] INFO  MRFOOptimizer - Iteration: 142, global best solution: [-9.415623529971305E-16, 8.020757802309376E-16], fitness: 3.9968028886505635E-15
2025-05-11 15:57:50 [main] INFO  MRFOOptimizer - Iteration: 143, global best solution: [-9.415623529971305E-16, 8.020757802309376E-16], fitness: 3.9968028886505635E-15
2025-05-11 15:57:50 [main] INFO  MRFOOptimizer - Iteration: 144, global best solution: [-9.415623529971305E-16, 8.020757802309376E-16], fitness: 3.9968028886505635E-15
2025-05-11 15:57:50 [main] INFO  MRFOOptimizer - Iteration: 145, global best solution: [-9.415623529971305E-16, 8.020757802309376E-16], fitness: 3.9968028886505635E-15
2025-05-11 15:57:50 [main] INFO  MRFOOptimizer - Iteration: 146, global best solution: [-9.415623529971305E-16, 8.020757802309376E-16], fitness: 3.9968028886505635E-15
2025-05-11 15:57:50 [main] INFO  MRFOOptimizer - Iteration: 147, global best solution: [-9.415623529971305E-16, 8.020757802309376E-16], fitness: 3.9968028886505635E-15
2025-05-11 15:57:50 [main] INFO  MRFOOptimizer - Iteration: 148, global best solution: [-9.415623529971305E-16, 8.020757802309376E-16], fitness: 3.9968028886505635E-15
2025-05-11 15:57:50 [main] INFO  MRFOOptimizer - Iteration: 149, global best solution: [-9.415623529971305E-16, 8.020757802309376E-16], fitness: 3.9968028886505635E-15
2025-05-11 15:57:50 [main] INFO  MRFOOptimizer - Iteration: 150, global best solution: [-9.415623529971305E-16, 8.020757802309376E-16], fitness: 3.9968028886505635E-15
2025-05-11 15:57:50 [main] INFO  MRFOOptimizer - Iteration: 151, global best solution: [-9.415623529971305E-16, 8.020757802309376E-16], fitness: 3.9968028886505635E-15
2025-05-11 15:57:50 [main] INFO  MRFOOptimizer - Iteration: 152, global best solution: [-9.415623529971305E-16, 8.020757802309376E-16], fitness: 3.9968028886505635E-15
2025-05-11 15:57:50 [main] INFO  MRFOOptimizer - Iteration: 153, global best solution: [-9.415623529971305E-16, 8.020757802309376E-16], fitness: 3.9968028886505635E-15
2025-05-11 15:57:50 [main] INFO  MRFOOptimizer - Iteration: 154, global best solution: [-9.415623529971305E-16, 8.020757802309376E-16], fitness: 3.9968028886505635E-15
2025-05-11 15:57:50 [main] INFO  MRFOOptimizer - Iteration: 155, global best solution: [-9.415623529971305E-16, 8.020757802309376E-16], fitness: 3.9968028886505635E-15
2025-05-11 15:57:50 [main] INFO  MRFOOptimizer - Iteration: 156, global best solution: [-9.415623529971305E-16, 8.020757802309376E-16], fitness: 3.9968028886505635E-15
2025-05-11 15:57:50 [main] INFO  MRFOOptimizer - Iteration: 157, global best solution: [-9.415623529971305E-16, 8.020757802309376E-16], fitness: 3.9968028886505635E-15
2025-05-11 15:57:50 [main] INFO  MRFOOptimizer - Iteration: 158, global best solution: [-9.415623529971305E-16, 8.020757802309376E-16], fitness: 3.9968028886505635E-15
2025-05-11 15:57:50 [main] INFO  MRFOOptimizer - Iteration: 159, global best solution: [-9.415623529971305E-16, 8.020757802309376E-16], fitness: 3.9968028886505635E-15
2025-05-11 15:57:50 [main] INFO  MRFOOptimizer - Iteration: 160, global best solution: [4.297168062052753E-18, -3.1848270486024294E-16], fitness: 4.440892098500626E-16
2025-05-11 15:57:50 [main] INFO  MRFOOptimizer - Iteration: 161, global best solution: [4.297168062052753E-18, -3.1848270486024294E-16], fitness: 4.440892098500626E-16
2025-05-11 15:57:50 [main] INFO  MRFOOptimizer - Iteration: 162, global best solution: [4.297168062052753E-18, -3.1848270486024294E-16], fitness: 4.440892098500626E-16
2025-05-11 15:57:50 [main] INFO  MRFOOptimizer - Iteration: 163, global best solution: [4.297168062052753E-18, -3.1848270486024294E-16], fitness: 4.440892098500626E-16
2025-05-11 15:57:50 [main] INFO  MRFOOptimizer - Iteration: 164, global best solution: [4.297168062052753E-18, -3.1848270486024294E-16], fitness: 4.440892098500626E-16
2025-05-11 15:57:50 [main] INFO  MRFOOptimizer - Iteration: 165, global best solution: [4.297168062052753E-18, -3.1848270486024294E-16], fitness: 4.440892098500626E-16
2025-05-11 15:57:50 [main] INFO  MRFOOptimizer - Iteration: 166, global best solution: [4.297168062052753E-18, -3.1848270486024294E-16], fitness: 4.440892098500626E-16
2025-05-11 15:57:50 [main] INFO  MRFOOptimizer - Iteration: 167, global best solution: [4.297168062052753E-18, -3.1848270486024294E-16], fitness: 4.440892098500626E-16
2025-05-11 15:57:50 [main] INFO  MRFOOptimizer - Iteration: 168, global best solution: [4.297168062052753E-18, -3.1848270486024294E-16], fitness: 4.440892098500626E-16
2025-05-11 15:57:50 [main] INFO  MRFOOptimizer - Iteration: 169, global best solution: [4.297168062052753E-18, -3.1848270486024294E-16], fitness: 4.440892098500626E-16
2025-05-11 15:57:50 [main] INFO  MRFOOptimizer - Iteration: 170, global best solution: [4.297168062052753E-18, -3.1848270486024294E-16], fitness: 4.440892098500626E-16
2025-05-11 15:57:50 [main] INFO  MRFOOptimizer - Iteration: 171, global best solution: [4.297168062052753E-18, -3.1848270486024294E-16], fitness: 4.440892098500626E-16
2025-05-11 15:57:50 [main] INFO  MRFOOptimizer - Iteration: 172, global best solution: [4.297168062052753E-18, -3.1848270486024294E-16], fitness: 4.440892098500626E-16
2025-05-11 15:57:50 [main] INFO  MRFOOptimizer - Iteration: 173, global best solution: [4.297168062052753E-18, -3.1848270486024294E-16], fitness: 4.440892098500626E-16
2025-05-11 15:57:50 [main] INFO  MRFOOptimizer - Iteration: 174, global best solution: [4.297168062052753E-18, -3.1848270486024294E-16], fitness: 4.440892098500626E-16
2025-05-11 15:57:50 [main] INFO  MRFOOptimizer - Iteration: 175, global best solution: [4.297168062052753E-18, -3.1848270486024294E-16], fitness: 4.440892098500626E-16
2025-05-11 15:57:50 [main] INFO  MRFOOptimizer - Iteration: 176, global best solution: [4.297168062052753E-18, -3.1848270486024294E-16], fitness: 4.440892098500626E-16
2025-05-11 15:57:50 [main] INFO  MRFOOptimizer - Iteration: 177, global best solution: [4.297168062052753E-18, -3.1848270486024294E-16], fitness: 4.440892098500626E-16
2025-05-11 15:57:50 [main] INFO  MRFOOptimizer - Iteration: 178, global best solution: [4.297168062052753E-18, -3.1848270486024294E-16], fitness: 4.440892098500626E-16
2025-05-11 15:57:50 [main] INFO  MRFOOptimizer - Iteration: 179, global best solution: [4.297168062052753E-18, -3.1848270486024294E-16], fitness: 4.440892098500626E-16
2025-05-11 15:57:50 [main] INFO  MRFOOptimizer - Iteration: 180, global best solution: [4.297168062052753E-18, -3.1848270486024294E-16], fitness: 4.440892098500626E-16
2025-05-11 15:57:50 [main] INFO  MRFOOptimizer - Iteration: 181, global best solution: [4.297168062052753E-18, -3.1848270486024294E-16], fitness: 4.440892098500626E-16
2025-05-11 15:57:50 [main] INFO  MRFOOptimizer - Iteration: 182, global best solution: [4.297168062052753E-18, -3.1848270486024294E-16], fitness: 4.440892098500626E-16
2025-05-11 15:57:50 [main] INFO  MRFOOptimizer - Iteration: 183, global best solution: [4.297168062052753E-18, -3.1848270486024294E-16], fitness: 4.440892098500626E-16
2025-05-11 15:57:50 [main] INFO  MRFOOptimizer - Iteration: 184, global best solution: [4.297168062052753E-18, -3.1848270486024294E-16], fitness: 4.440892098500626E-16
2025-05-11 15:57:50 [main] INFO  MRFOOptimizer - Iteration: 185, global best solution: [4.297168062052753E-18, -3.1848270486024294E-16], fitness: 4.440892098500626E-16
2025-05-11 15:57:50 [main] INFO  MRFOOptimizer - Iteration: 186, global best solution: [4.297168062052753E-18, -3.1848270486024294E-16], fitness: 4.440892098500626E-16
2025-05-11 15:57:50 [main] INFO  MRFOOptimizer - Iteration: 187, global best solution: [4.297168062052753E-18, -3.1848270486024294E-16], fitness: 4.440892098500626E-16
2025-05-11 15:57:50 [main] INFO  MRFOOptimizer - Iteration: 188, global best solution: [4.297168062052753E-18, -3.1848270486024294E-16], fitness: 4.440892098500626E-16
2025-05-11 15:57:50 [main] INFO  MRFOOptimizer - Iteration: 189, global best solution: [4.297168062052753E-18, -3.1848270486024294E-16], fitness: 4.440892098500626E-16
2025-05-11 15:57:50 [main] INFO  MRFOOptimizer - Iteration: 190, global best solution: [4.297168062052753E-18, -3.1848270486024294E-16], fitness: 4.440892098500626E-16
2025-05-11 15:57:50 [main] INFO  MRFOOptimizer - Iteration: 191, global best solution: [4.297168062052753E-18, -3.1848270486024294E-16], fitness: 4.440892098500626E-16
2025-05-11 15:57:50 [main] INFO  MRFOOptimizer - Iteration: 192, global best solution: [4.297168062052753E-18, -3.1848270486024294E-16], fitness: 4.440892098500626E-16
2025-05-11 15:57:50 [main] INFO  MRFOOptimizer - Iteration: 193, global best solution: [4.297168062052753E-18, -3.1848270486024294E-16], fitness: 4.440892098500626E-16
2025-05-11 15:57:50 [main] INFO  MRFOOptimizer - Iteration: 194, global best solution: [4.297168062052753E-18, -3.1848270486024294E-16], fitness: 4.440892098500626E-16
2025-05-11 15:57:50 [main] INFO  MRFOOptimizer - Iteration: 195, global best solution: [4.297168062052753E-18, -3.1848270486024294E-16], fitness: 4.440892098500626E-16
2025-05-11 15:57:50 [main] INFO  MRFOOptimizer - Iteration: 196, global best solution: [4.297168062052753E-18, -3.1848270486024294E-16], fitness: 4.440892098500626E-16
2025-05-11 15:57:50 [main] INFO  MRFOOptimizer - Iteration: 197, global best solution: [4.297168062052753E-18, -3.1848270486024294E-16], fitness: 4.440892098500626E-16
2025-05-11 15:57:50 [main] INFO  MRFOOptimizer - Iteration: 198, global best solution: [4.297168062052753E-18, -3.1848270486024294E-16], fitness: 4.440892098500626E-16
2025-05-11 15:57:50 [main] INFO  MRFOOptimizer - Iteration: 199, global best solution: [4.297168062052753E-18, -3.1848270486024294E-16], fitness: 4.440892098500626E-16
2025-05-11 15:57:50 [main] INFO  Main - Optimization complete!
2025-05-11 15:57:50 [main] INFO  Main - Best fitness: 4.440892098500626E-16
2025-05-11 15:57:50 [main] INFO  Main - Best solution: 
2025-05-11 15:57:50 [main] INFO  Main - 4.297168062052753E-18
2025-05-11 15:57:50 [main] INFO  Main - -3.1848270486024294E-16
2025-05-11 15:59:37 [main] INFO  Main - Optimization complete!
2025-05-11 15:59:37 [main] INFO  Main - Best fitness: 4.440892098500626E-16
2025-05-11 15:59:37 [main] INFO  Main - Best solution: 
2025-05-11 15:59:37 [main] INFO  Main - Dimension 1: 4.297168062052753E-18
2025-05-11 15:59:37 [main] INFO  Main - Dimension 2: -3.1848270486024294E-16
2025-05-11 15:59:46 [main] INFO  Main - Optimization complete!
2025-05-11 15:59:46 [main] INFO  Main - Best fitness: 4.440892098500626E-16
2025-05-11 15:59:46 [main] INFO  Main - Best solution: 
2025-05-11 15:59:46 [main] INFO  Main -    Dimension 1: 4.297168062052753E-18
2025-05-11 15:59:46 [main] INFO  Main -    Dimension 2: -3.1848270486024294E-16
2025-05-11 16:00:09 [main] INFO  Main - Optimization complete!
2025-05-11 16:00:09 [main] INFO  Main - Best fitness: 4.440892098500626E-16
2025-05-11 16:00:09 [main] INFO  Main - Best solution: [4.297168062052753E-18, -3.1848270486024294E-16]
